<?xml version="1.0" encoding="UTF-8"?>
<!-- Generated by org.testng.reporters.JUnitReportReporter -->
<testsuite hostname="DESKTOP-I71O81B" failures="0" tests="1" name="Com.Test.DropDownTest" time="37.531" errors="0" timestamp="2023-03-09T21:30:19 IST" skipped="0">
  <testcase classname="Com.Test.DropDownTest" name="verifyDropDowns" time="37.531"/>
  <system-out/>
</testsuite> <!-- Com.Test.DropDownTest -->
